Determining if the pthread_create exist failed with the following output:
Change Dir: /home/kevin/DevSpace/indiestudio/dependencies/assimp_dl/Build/assimp/CMakeFiles/CMakeTmp

Run Build Command:"/usr/bin/make" "cmTC_0773b/fast"
make[3]: Entering directory '/home/kevin/DevSpace/indiestudio/dependencies/assimp_dl/Build/assimp/CMakeFiles/CMakeTmp'
/usr/bin/make -f CMakeFiles/cmTC_0773b.dir/build.make CMakeFiles/cmTC_0773b.dir/build
make[4]: Entering directory '/home/kevin/DevSpace/indiestudio/dependencies/assimp_dl/Build/assimp/CMakeFiles/CMakeTmp'
Building C object CMakeFiles/cmTC_0773b.dir/CheckSymbolExists.c.o
/usr/bin/cc     -o CMakeFiles/cmTC_0773b.dir/CheckSymbolExists.c.o   -c /home/kevin/DevSpace/indiestudio/dependencies/assimp_dl/Build/assimp/CMakeFiles/CMakeTmp/CheckSymbolExists.c
Linking C executable cmTC_0773b
/usr/bin/cmake -E cmake_link_script CMakeFiles/cmTC_0773b.dir/link.txt --verbose=1
/usr/bin/cc       CMakeFiles/cmTC_0773b.dir/CheckSymbolExists.c.o  -o cmTC_0773b -rdynamic 
CMakeFiles/cmTC_0773b.dir/CheckSymbolExists.c.o: In function `main':
CheckSymbolExists.c:(.text+0x1b): undefined reference to `pthread_create'
collect2: error: ld returned 1 exit status
CMakeFiles/cmTC_0773b.dir/build.make:97: recipe for target 'cmTC_0773b' failed
make[4]: *** [cmTC_0773b] Error 1
make[4]: Leaving directory '/home/kevin/DevSpace/indiestudio/dependencies/assimp_dl/Build/assimp/CMakeFiles/CMakeTmp'
Makefile:126: recipe for target 'cmTC_0773b/fast' failed
make[3]: *** [cmTC_0773b/fast] Error 2
make[3]: Leaving directory '/home/kevin/DevSpace/indiestudio/dependencies/assimp_dl/Build/assimp/CMakeFiles/CMakeTmp'

File /home/kevin/DevSpace/indiestudio/dependencies/assimp_dl/Build/assimp/CMakeFiles/CMakeTmp/CheckSymbolExists.c:
/* */
#include <pthread.h>

int main(int argc, char** argv)
{
  (void)argv;
#ifndef pthread_create
  return ((int*)(&pthread_create))[argc];
#else
  (void)argc;
  return 0;
#endif
}

Determining if the function pthread_create exists in the pthreads failed with the following output:
Change Dir: /home/kevin/DevSpace/indiestudio/dependencies/assimp_dl/Build/assimp/CMakeFiles/CMakeTmp

Run Build Command:"/usr/bin/make" "cmTC_3c577/fast"
make[3]: Entering directory '/home/kevin/DevSpace/indiestudio/dependencies/assimp_dl/Build/assimp/CMakeFiles/CMakeTmp'
/usr/bin/make -f CMakeFiles/cmTC_3c577.dir/build.make CMakeFiles/cmTC_3c577.dir/build
make[4]: Entering directory '/home/kevin/DevSpace/indiestudio/dependencies/assimp_dl/Build/assimp/CMakeFiles/CMakeTmp'
Building C object CMakeFiles/cmTC_3c577.dir/CheckFunctionExists.c.o
/usr/bin/cc    -DCHECK_FUNCTION_EXISTS=pthread_create   -o CMakeFiles/cmTC_3c577.dir/CheckFunctionExists.c.o   -c /usr/share/cmake-3.7/Modules/CheckFunctionExists.c
Linking C executable cmTC_3c577
/usr/bin/cmake -E cmake_link_script CMakeFiles/cmTC_3c577.dir/link.txt --verbose=1
/usr/bin/cc   -DCHECK_FUNCTION_EXISTS=pthread_create    CMakeFiles/cmTC_3c577.dir/CheckFunctionExists.c.o  -o cmTC_3c577 -rdynamic -lpthreads 
/usr/bin/ld: cannot find -lpthreads
collect2: error: ld returned 1 exit status
CMakeFiles/cmTC_3c577.dir/build.make:97: recipe for target 'cmTC_3c577' failed
make[4]: *** [cmTC_3c577] Error 1
make[4]: Leaving directory '/home/kevin/DevSpace/indiestudio/dependencies/assimp_dl/Build/assimp/CMakeFiles/CMakeTmp'
Makefile:126: recipe for target 'cmTC_3c577/fast' failed
make[3]: *** [cmTC_3c577/fast] Error 2
make[3]: Leaving directory '/home/kevin/DevSpace/indiestudio/dependencies/assimp_dl/Build/assimp/CMakeFiles/CMakeTmp'


